<?xml version="1.0" encoding="UTF-8"?>
<testsuite name="ru.codewars.chall.ArrayDemoTest" tests="3" skipped="0" failures="0" errors="0" timestamp="2018-07-29T17:41:08" hostname="Konstantin" time="0.005">
  <properties/>
  <testcase name="validate" classname="ru.codewars.chall.ArrayDemoTest" time="0.002"/>
  <testcase name="validateOneWord" classname="ru.codewars.chall.ArrayDemoTest" time="0.0"/>
  <testcase name="validateEmpty" classname="ru.codewars.chall.ArrayDemoTest" time="0.002"/>
  <system-out><![CDATA[]]></system-out>
  <system-err><![CDATA[]]></system-err>
</testsuite>
